Change Component Comment : Designator=LS1 Old Comment=Coi Chip Speaker New Comment=Speaker 0905
Added Component: Designator=J3(jumpx3)
Add Component: Footprint Not Found 
Add Component: Footprint Not Found MICRO-USB_MICRO-USB-30
Add Pin To Net: Unknown Pin: Pin C0-1
Add Pin To Net: Unknown Pin: Pin C0-2
Add Pin To Net: Unknown Pin: Pin C1-1
Add Pin To Net: Unknown Pin: Pin C1-2
Add Pin To Net: Unknown Pin: Pin C2-1
Add Pin To Net: Unknown Pin: Pin C2-2
Add Pin To Net: Unknown Pin: Pin C3-1
Add Pin To Net: Unknown Pin: Pin C3-2
Add Pin To Net: Unknown Pin: Pin C4-1
Add Pin To Net: Unknown Pin: Pin C4-2
Add Pin To Net: Unknown Pin: Pin C5-1
Add Pin To Net: Unknown Pin: Pin C5-2
Add Pin To Net: Unknown Pin: Pin C6-1
Add Pin To Net: Unknown Pin: Pin C6-2
Add Pin To Net: Unknown Pin: Pin C7-1
Add Pin To Net: Unknown Pin: Pin C7-2
Add Pin To Net: Unknown Pin: Pin C8-1
Add Pin To Net: Unknown Pin: Pin C8-2
Add Pin To Net: Unknown Pin: Pin C9-1
Add Pin To Net: Unknown Pin: Pin C9-2
Add Pin To Net: Unknown Pin: Pin C10-1
Add Pin To Net: Unknown Pin: Pin C10-2
Add Pin To Net: Unknown Pin: Pin C11-1
Add Pin To Net: Unknown Pin: Pin C11-2
Add Pin To Net: Unknown Pin: Pin C12-1
Add Pin To Net: Unknown Pin: Pin C12-2
Add Pin To Net: Unknown Pin: Pin C13-1
Add Pin To Net: Unknown Pin: Pin C13-2
Add Pin To Net: Unknown Pin: Pin C14-1
Add Pin To Net: Unknown Pin: Pin C14-2
Add Pin To Net: Unknown Pin: Pin C15-1
Add Pin To Net: Unknown Pin: Pin C15-2
Add Pin To Net: Unknown Pin: Pin C16-1
Add Pin To Net: Unknown Pin: Pin C16-2
Add Pin To Net: Unknown Pin: Pin C17-1
Add Pin To Net: Unknown Pin: Pin C17-2
Add Pin To Net: Unknown Pin: Pin C18-1
Add Pin To Net: Unknown Pin: Pin C18-2
Add Pin To Net: Unknown Pin: Pin C19-1
Add Pin To Net: Unknown Pin: Pin C19-2
Add Pin To Net: Unknown Pin: Pin C20-1
Add Pin To Net: Unknown Pin: Pin C20-2
Add Pin To Net: Unknown Pin: Pin C21-1
Add Pin To Net: Unknown Pin: Pin C21-2
Add Pin To Net: Unknown Pin: Pin C22-1
Add Pin To Net: Unknown Pin: Pin C22-2
Add Pin To Net: Unknown Pin: Pin C23-1
Add Pin To Net: Unknown Pin: Pin C23-2
Add Pin To Net: Unknown Pin: Pin C24-1
Add Pin To Net: Unknown Pin: Pin C24-2
Add Pin To Net: Unknown Pin: Pin C25-1
Add Pin To Net: Unknown Pin: Pin C25-2
Add Pin To Net: Unknown Pin: Pin C26-1
Add Pin To Net: Unknown Pin: Pin C26-2
Add Pin To Net: Unknown Pin: Pin C27-1
Add Pin To Net: Unknown Pin: Pin C27-2
Add Pin To Net: Unknown Pin: Pin C28-1
Add Pin To Net: Unknown Pin: Pin C28-2
Add Pin To Net: Unknown Pin: Pin C29-1
Add Pin To Net: Unknown Pin: Pin C29-2
Add Pin To Net: Unknown Pin: Pin C30-1
Add Pin To Net: Unknown Pin: Pin C30-2
Add Pin To Net: Unknown Pin: Pin C32-1
Add Pin To Net: Unknown Pin: Pin C32-2
Add Pin To Net: Unknown Pin: Pin C33-1
Add Pin To Net: Unknown Pin: Pin C33-2
Add Pin To Net: Unknown Pin: Pin C34-1
Add Pin To Net: Unknown Pin: Pin C34-2
Add Pin To Net: Unknown Pin: Pin C35-1
Add Pin To Net: Unknown Pin: Pin C35-2
Add Pin To Net: Unknown Pin: Pin C36-1
Add Pin To Net: Unknown Pin: Pin C36-2
Add Pin To Net: Unknown Pin: Pin C37-1
Add Pin To Net: Unknown Pin: Pin C37-2
Add Pin To Net: Unknown Pin: Pin C38-1
Add Pin To Net: Unknown Pin: Pin C38-2
Add Pin To Net: Unknown Pin: Pin C39-1
Add Pin To Net: Unknown Pin: Pin C39-2
Add Pin To Net: Unknown Pin: Pin C40-1
Add Pin To Net: Unknown Pin: Pin C40-2
Add Pin To Net: Unknown Pin: Pin C41-1
Add Pin To Net: Unknown Pin: Pin C41-2
Add Pin To Net: Unknown Pin: Pin C42-1
Add Pin To Net: Unknown Pin: Pin C42-2
Add Pin To Net: Unknown Pin: Pin C43-1
Add Pin To Net: Unknown Pin: Pin C43-2
Add Pin To Net: Unknown Pin: Pin C44-1
Add Pin To Net: Unknown Pin: Pin C44-2
Add Pin To Net: Unknown Pin: Pin C46-1
Add Pin To Net: Unknown Pin: Pin C46-2
Add Pin To Net: Unknown Pin: Pin C47-1
Add Pin To Net: Unknown Pin: Pin C47-2
Add Pin To Net: Unknown Pin: Pin C48-1
Add Pin To Net: Unknown Pin: Pin C48-2
Add Pin To Net: Unknown Pin: Pin J1-1
Add Pin To Net: Unknown Pin: Pin J1-2
Add Pin To Net: Unknown Pin: Pin J1-3
Add Pin To Net: Unknown Pin: Pin J1-4
Add Pin To Net: Unknown Pin: Pin J1-5
Add Pin To Net: Unknown Pin: Pin J1-6
Add Pin To Net: Unknown Pin: Pin J1-7
Add Pin To Net: Unknown Pin: Pin J1-8
Add Pin To Net: Unknown Pin: Pin J1-9
Add Pin To Net: Unknown Pin: Pin J1-10
Add Pin To Net: Unknown Pin: Pin J1-11
Add Pin To Net: Unknown Pin: Pin J1-12
Add Pin To Net: Unknown Pin: Pin J1-13
Add Pin To Net: Unknown Pin: Pin J1-14
Add Pin To Net: Unknown Pin: Pin J1-15
Add Pin To Net: Unknown Pin: Pin J1-16
Add Pin To Net: Unknown Pin: Pin J1-17
Add Pin To Net: Unknown Pin: Pin J1-18
Added Pin To Net: NetName=VCC5V Pin=J3-1
Added Pin To Net: NetName=M2M_TXD Pin=J3-2
Added Pin To Net: NetName=M2M_RXD Pin=J3-3
Added Pin To Net: NetName=GND Pin=J3-10
Added Pin To Net: NetName=NetJ3_11 Pin=J3-11
Added Pin To Net: NetName=NetJ3_12 Pin=J3-12
Added Pin To Net: NetName=NetJ3_13 Pin=J3-13
Added Pin To Net: NetName=NetJ3_14 Pin=J3-14
Added Pin To Net: NetName=NetJ3_15 Pin=J3-15
Added Pin To Net: NetName=NetJ3_16 Pin=J3-16
Added Pin To Net: NetName=GND Pin=J3-21
Added Pin To Net: NetName=xb_Reset Pin=J3-22
Added Pin To Net: NetName=Sim_DATA Pin=J3-23
Added Pin To Net: NetName=Sim_RST Pin=J3-24
Added Pin To Net: NetName=Sim_CLK Pin=J3-25
Added Pin To Net: NetName=Sim_VSIM Pin=J3-26
Add Pin To Net: Unknown Pin: Pin L1-1
Add Pin To Net: Unknown Pin: Pin L1-2
Add Pin To Net: Unknown Pin: Pin L2-1
Add Pin To Net: Unknown Pin: Pin L2-2
Add Pin To Net: Unknown Pin: Pin L3-1
Add Pin To Net: Unknown Pin: Pin L3-2
Add Pin To Net: Unknown Pin: Pin R1-1
Add Pin To Net: Unknown Pin: Pin R1-2
Add Pin To Net: Unknown Pin: Pin R2-1
Add Pin To Net: Unknown Pin: Pin R2-2
Add Pin To Net: Unknown Pin: Pin R3-1
Add Pin To Net: Unknown Pin: Pin R3-2
Add Pin To Net: Unknown Pin: Pin R4-1
Add Pin To Net: Unknown Pin: Pin R4-2
Add Pin To Net: Unknown Pin: Pin R5-1
Add Pin To Net: Unknown Pin: Pin R5-2
Add Pin To Net: Unknown Pin: Pin R6-1
Add Pin To Net: Unknown Pin: Pin R6-2
Add Pin To Net: Unknown Pin: Pin R7-1
Add Pin To Net: Unknown Pin: Pin R7-2
Add Pin To Net: Unknown Pin: Pin R8-1
Add Pin To Net: Unknown Pin: Pin R8-2
Add Pin To Net: Unknown Pin: Pin R9-1
Add Pin To Net: Unknown Pin: Pin R9-2
Add Pin To Net: Unknown Pin: Pin R10-1
Add Pin To Net: Unknown Pin: Pin R10-2
Add Pin To Net: Unknown Pin: Pin R11-1
Add Pin To Net: Unknown Pin: Pin R11-2
Add Pin To Net: Unknown Pin: Pin R12-1
Add Pin To Net: Unknown Pin: Pin R12-2
Add Pin To Net: Unknown Pin: Pin R13-1
Add Pin To Net: Unknown Pin: Pin R13-2
Add Pin To Net: Unknown Pin: Pin R14-1
Add Pin To Net: Unknown Pin: Pin R14-2
Add Pin To Net: Unknown Pin: Pin R15-1
Add Pin To Net: Unknown Pin: Pin R15-2
Add Pin To Net: Unknown Pin: Pin R16-1
Add Pin To Net: Unknown Pin: Pin R16-2
Add Pin To Net: Unknown Pin: Pin R17-1
Add Pin To Net: Unknown Pin: Pin R17-2
Add Pin To Net: Unknown Pin: Pin R18-1
Add Pin To Net: Unknown Pin: Pin R18-2
Add Pin To Net: Unknown Pin: Pin R19-1
Add Pin To Net: Unknown Pin: Pin R19-2
Add Pin To Net: Unknown Pin: Pin R20-1
Add Pin To Net: Unknown Pin: Pin R20-2
Add Pin To Net: Unknown Pin: Pin R21-1
Add Pin To Net: Unknown Pin: Pin R21-2
Add Pin To Net: Unknown Pin: Pin R22-1
Add Pin To Net: Unknown Pin: Pin R22-2
Add Pin To Net: Unknown Pin: Pin R23-1
Add Pin To Net: Unknown Pin: Pin R23-2
Add Pin To Net: Unknown Pin: Pin R24-1
Add Pin To Net: Unknown Pin: Pin R24-2
Add Pin To Net: Unknown Pin: Pin R25-1
Add Pin To Net: Unknown Pin: Pin R25-2
Add Pin To Net: Unknown Pin: Pin R26-1
Add Pin To Net: Unknown Pin: Pin R26-2
Add Pin To Net: Unknown Pin: Pin R27-1
Add Pin To Net: Unknown Pin: Pin R27-2
Add Pin To Net: Unknown Pin: Pin R28-1
Add Pin To Net: Unknown Pin: Pin R28-2
Add Pin To Net: Unknown Pin: Pin R29-1
Add Pin To Net: Unknown Pin: Pin R29-2
Add Pin To Net: Unknown Pin: Pin R30-1
Add Pin To Net: Unknown Pin: Pin R30-2
Add Pin To Net: Unknown Pin: Pin R31-1
Add Pin To Net: Unknown Pin: Pin R31-2
Add Pin To Net: Unknown Pin: Pin R32-1
Add Pin To Net: Unknown Pin: Pin R32-2
Add Pin To Net: Unknown Pin: Pin R33-1
Add Pin To Net: Unknown Pin: Pin R33-2
Add Pin To Net: Unknown Pin: Pin R34-1
Add Pin To Net: Unknown Pin: Pin R34-2
Add Pin To Net: Unknown Pin: Pin R35-1
Add Pin To Net: Unknown Pin: Pin R35-2
Add Pin To Net: Unknown Pin: Pin R36-1
Add Pin To Net: Unknown Pin: Pin R36-2
Add Pin To Net: Unknown Pin: Pin R37-1
Add Pin To Net: Unknown Pin: Pin R37-2
Add Pin To Net: Unknown Pin: Pin R38-1
Add Pin To Net: Unknown Pin: Pin R38-2
Add Pin To Net: Unknown Pin: Pin R39-1
Add Pin To Net: Unknown Pin: Pin R39-2
Add Pin To Net: Unknown Pin: Pin R40-1
Add Pin To Net: Unknown Pin: Pin R40-2
Add Pin To Net: Unknown Pin: Pin R41-1
Add Pin To Net: Unknown Pin: Pin R41-2
Add Pin To Net: Unknown Pin: Pin R43-1
Add Pin To Net: Unknown Pin: Pin R43-2
Add Pin To Net: Unknown Pin: Pin USB-1
Add Pin To Net: Unknown Pin: Pin USB-2
Add Pin To Net: Unknown Pin: Pin USB-3
Add Pin To Net: Unknown Pin: Pin USB-4
Add Pin To Net: Unknown Pin: Pin USB-5
Add Pin To Net: Unknown Pin: Pin USB-6
Add Pin To Net: Unknown Pin: Pin USB-7
Add Pin To Net: Unknown Pin: Pin USB-8
Add Pin To Net: Unknown Pin: Pin USB-9
Add Class Member: Failed to add class member : Component J1 jumpx3
Added Member To Class: ClassName=SCH_Freematics_ONE Member=Component J3 jumpx3_1
Add Class Member: Failed to add class member : Component L1 15uH
Add Class Member: Failed to add class member : Component USB Micro USB 5P H
